#
# There is insufficient memory for the Java Runtime Environment to continue.
# Native memory allocation (malloc) failed to allocate 35872 bytes for Chunk::new
# Possible reasons:
#   The system is out of physical RAM or swap space
#   In 32 bit mode, the process size limit was hit
# Possible solutions:
#   Reduce memory load on the system
#   Increase physical memory or swap space
#   Check if swap backing store is full
#   Use 64 bit Java on a 64 bit OS
#   Decrease Java heap size (-Xmx/-Xms)
#   Decrease number of Java threads
#   Decrease Java thread stack sizes (-Xss)
#   Set larger code cache with -XX:ReservedCodeCacheSize=
# This output file may be truncated or incomplete.
#
#  Out of Memory Error (allocation.cpp:323), pid=10256, tid=14888
#
# JRE version: Java(TM) SE Runtime Environment (7.0_45-b18) (build 1.7.0_45-b18)
# Java VM: Java HotSpot(TM) 64-Bit Server VM (24.45-b08 mixed mode windows-amd64 compressed oops)
# Failed to write core dump. Minidumps are not enabled by default on client versions of Windows
#

---------------  T H R E A D  ---------------

Current thread (0x0000000008395000):  JavaThread "C2 CompilerThread0" daemon [_thread_in_native, id=14888, stack(0x00000000098f0000,0x00000000099f0000)]

Stack: [0x00000000098f0000,0x00000000099f0000]
[error occurred during error reporting (printing stack bounds), id 0xc0000005]


[error occurred during error reporting (printing native stack), id 0xc0000005]


Current CompileTask:
C2:   1123  193             com.android.dx.ssa.Dominators::run (506 bytes)


---------------  P R O C E S S  ---------------

Java Threads: ( => current thread )
  0x0000000009f63000 JavaThread "pool-1-thread-4" [_thread_in_Java, id=11124, stack(0x000000000a4f0000,0x000000000a5f0000)]
  0x0000000009f39800 JavaThread "pool-1-thread-3" [_thread_in_Java, id=11648, stack(0x000000000a3f0000,0x000000000a4f0000)]
  0x0000000009f3d800 JavaThread "pool-1-thread-2" [_thread_in_Java, id=4160, stack(0x000000000a2f0000,0x000000000a3f0000)]
  0x0000000009f78000 JavaThread "pool-2-thread-1" [_thread_blocked, id=13460, stack(0x000000000a1f0000,0x000000000a2f0000)]
  0x0000000009e4c800 JavaThread "pool-1-thread-1" [_thread_in_Java, id=5452, stack(0x000000000a0f0000,0x000000000a1f0000)]
  0x00000000083a9800 JavaThread "Service Thread" daemon [_thread_blocked, id=9520, stack(0x0000000009af0000,0x0000000009bf0000)]
  0x0000000008397800 JavaThread "C2 CompilerThread1" daemon [_thread_in_native, id=13344, stack(0x00000000099f0000,0x0000000009af0000)]
=>0x0000000008395000 JavaThread "C2 CompilerThread0" daemon [_thread_in_native, id=14888, stack(0x00000000098f0000,0x00000000099f0000)]
  0x0000000008394000 JavaThread "Attach Listener" daemon [_thread_blocked, id=6264, stack(0x00000000097f0000,0x00000000098f0000)]
  0x0000000008391800 JavaThread "Signal Dispatcher" daemon [_thread_blocked, id=1836, stack(0x00000000096f0000,0x00000000097f0000)]
  0x0000000008348000 JavaThread "Finalizer" daemon [_thread_blocked, id=10932, stack(0x00000000095f0000,0x00000000096f0000)]
  0x0000000008341800 JavaThread "Reference Handler" daemon [_thread_blocked, id=13764, stack(0x00000000094f0000,0x00000000095f0000)]
  0x00000000023d0800 JavaThread "main" [_thread_in_Java, id=12712, stack(0x0000000001f80000,0x0000000002080000)]

Other Threads:
  0x000000000833f000 VMThread [stack: 0x00000000093f0000,0x00000000094f0000] [id=2136]
  0x00000000083b3800 WatcherThread [stack: 0x0000000009bf0000,0x0000000009cf0000] [id=13040]

VM state:not at safepoint (normal execution)

VM Mutex/Monitor currently owned by a thread: None

Heap
 PSYoungGen      total 28672K, used 13633K [0x00000000eaa80000, 0x00000000eca00000, 0x0000000100000000)
  eden space 25088K, 40% used [0x00000000eaa80000,0x00000000eb4505a8,0x00000000ec300000)
  from space 3584K, 99% used [0x00000000ec300000,0x00000000ec67ff98,0x00000000ec680000)
  to   space 3584K, 0% used [0x00000000ec680000,0x00000000ec680000,0x00000000eca00000)
 ParOldGen       total 64512K, used 2387K [0x00000000c0000000, 0x00000000c3f00000, 0x00000000eaa80000)
  object space 64512K, 3% used [0x00000000c0000000,0x00000000c0254c38,0x00000000c3f00000)
 PSPermGen       total 21504K, used 5798K [0x00000000bae00000, 0x00000000bc300000, 0x00000000c0000000)
  object space 21504K, 26% used [0x00000000bae00000,0x00000000bb3a9be0,0x00000000bc300000)

Card table byte_map: [0x00000000055b0000,0x00000000057e0000] byte_map_base: 0x0000000004fd9000

Polling page: 0x00000000007c0000

Code Cache  [0x00000000025b0000, 0x0000000002820000, 0x00000000055b0000)
 total_blobs=432 nmethods=193 adapters=191 free_code_cache=48418Kb largest_free_block=49545152

Compilation events (10 events):
Event: 1.087 Thread 0x0000000008395000 nmethod 188 0x00000000026623d0 code [0x0000000002662520, 0x0000000002662758]
Event: 1.087 Thread 0x0000000008395000  189             java.util.HashMap::transfer (115 bytes)
Event: 1.093 Thread 0x0000000008395000 nmethod 189 0x000000000265a810 code [0x000000000265a960, 0x000000000265ac48]
Event: 1.093 Thread 0x0000000008395000  190             com.android.dx.rop.type.Type::equals (31 bytes)
Event: 1.094 Thread 0x0000000008395000 nmethod 190 0x0000000002657550 code [0x00000000026576a0, 0x0000000002657818]
Event: 1.094 Thread 0x0000000008395000  191             java.util.BitSet::or (105 bytes)
Event: 1.099 Thread 0x0000000008395000 nmethod 191 0x0000000002656f90 code [0x00000000026570e0, 0x0000000002657328]
Event: 1.099 Thread 0x0000000008395000  192             com.android.dx.rop.code.BasicBlock::getPrimarySuccessor (5 bytes)
Event: 1.099 Thread 0x0000000008395000 nmethod 192 0x0000000002655710 code [0x0000000002655840, 0x0000000002655898]
Event: 1.099 Thread 0x0000000008395000  193             com.android.dx.ssa.Dominators::run (506 bytes)

GC Heap History (2 events):
Event: 0.928 GC heap before
{Heap before GC invocations=1 (full 0):
 PSYoungGen      total 28672K, used 25088K [0x00000000eaa80000, 0x00000000eca00000, 0x0000000100000000)
  eden space 25088K, 100% used [0x00000000eaa80000,0x00000000ec300000,0x00000000ec300000)
  from space 3584K, 0% used [0x00000000ec680000,0x00000000ec680000,0x00000000eca00000)
  to   space 3584K, 0% used [0x00000000ec300000,0x00000000ec300000,0x00000000ec680000)
 ParOldGen       total 64512K, used 0K [0x00000000c0000000, 0x00000000c3f00000, 0x00000000eaa80000)
  object space 64512K, 0% used [0x00000000c0000000,0x00000000c0000000,0x00000000c3f00000)
 PSPermGen       total 21504K, used 5709K [0x00000000bae00000, 0x00000000bc300000, 0x00000000c0000000)
  object space 21504K, 26% used [0x00000000bae00000,0x00000000bb393498,0x00000000bc300000)
Event: 0.937 GC heap after
Heap after GC invocations=1 (full 0):
 PSYoungGen      total 28672K, used 3583K [0x00000000eaa80000, 0x00000000eca00000, 0x0000000100000000)
  eden space 25088K, 0% used [0x00000000eaa80000,0x00000000eaa80000,0x00000000ec300000)
  from space 3584K, 99% used [0x00000000ec300000,0x00000000ec67ff98,0x00000000ec680000)
  to   space 3584K, 0% used [0x00000000ec680000,0x00000000ec680000,0x00000000eca00000)
 ParOldGen       total 64512K, used 2387K [0x00000000c0000000, 0x00000000c3f00000, 0x00000000eaa80000)
  object space 64512K, 3% used [0x00000000c0000000,0x00000000c0254c38,0x00000000c3f00000)
 PSPermGen       total 21504K, used 5709K [0x00000000bae00000, 0x00000000bc300000, 0x00000000c0000000)
  object space 21504K, 26% used [0x00000000bae00000,0x00000000bb393498,0x00000000bc300000)
}

Deoptimization events (4 events):
Event: 0.643 Thread 0x00000000023d0800 Uncommon trap: reason=class_check action=maybe_recompile pc=0x00000000026289ec method=com.android.dx.ssa.NormalSsaInsn.accept(Lcom/android/dx/ssa/SsaInsn$Visitor;)V @ 9
Event: 0.643 Thread 0x00000000023d0800 Uncommon trap: reason=class_check action=maybe_recompile pc=0x00000000026289ec method=com.android.dx.ssa.NormalSsaInsn.accept(Lcom/android/dx/ssa/SsaInsn$Visitor;)V @ 9
Event: 0.643 Thread 0x00000000023d0800 Uncommon trap: reason=class_check action=maybe_recompile pc=0x00000000026289ec method=com.android.dx.ssa.NormalSsaInsn.accept(Lcom/android/dx/ssa/SsaInsn$Visitor;)V @ 9
Event: 0.644 Thread 0x00000000023d0800 Uncommon trap: reason=class_check action=maybe_recompile pc=0x00000000026289ec method=com.android.dx.ssa.NormalSsaInsn.accept(Lcom/android/dx/ssa/SsaInsn$Visitor;)V @ 9

Internal exceptions (10 events):
Event: 0.566 Thread 0x0000000009f3d800 Threw 0x00000000eb2e30c0 at C:\re\jdk7u45\229\hotspot\src\share\vm\prims\jvm.cpp:1244
Event: 0.567 Thread 0x0000000009f3d800 Threw 0x00000000eb4e00b8 at C:\re\jdk7u45\229\hotspot\src\share\vm\prims\jvm.cpp:1244
Event: 0.568 Thread 0x0000000009f39800 Threw 0x00000000eb0d3988 at C:\re\jdk7u45\229\hotspot\src\share\vm\prims\jvm.cpp:1244
Event: 0.570 Thread 0x00000000023d0800 Threw 0x00000000eb3732b8 at C:\re\jdk7u45\229\hotspot\src\share\vm\prims\jvm.cpp:1244
Event: 0.666 Thread 0x00000000023d0800 Threw 0x00000000eb78bca0 at C:\re\jdk7u45\229\hotspot\src\share\vm\prims\jvm.cpp:1244
Event: 0.667 Thread 0x00000000023d0800 Threw 0x00000000eb78e410 at C:\re\jdk7u45\229\hotspot\src\share\vm\prims\jvm.cpp:1244
Event: 0.667 Thread 0x00000000023d0800 Threw 0x00000000eb790f28 at C:\re\jdk7u45\229\hotspot\src\share\vm\prims\jvm.cpp:1244
Event: 0.669 Thread 0x00000000023d0800 Threw 0x00000000eb79a3f0 at C:\re\jdk7u45\229\hotspot\src\share\vm\prims\jvm.cpp:1244
Event: 0.729 Thread 0x00000000023d0800 Threw 0x00000000eb7c3b18 at C:\re\jdk7u45\229\hotspot\src\share\vm\prims\jvm.cpp:1244
Event: 0.730 Thread 0x00000000023d0800 Threw 0x00000000eb7c5d98 at C:\re\jdk7u45\229\hotspot\src\share\vm\prims\jvm.cpp:1244

Events (10 events):
Event: 0.669 loading class 0x0000000009e0d6e0
Event: 0.669 loading class 0x0000000009e0d6e0 done
Event: 0.706 loading class 0x0000000002442940
Event: 0.706 loading class 0x0000000002442940 done
Event: 0.729 loading class 0x0000000009e0dae0
Event: 0.729 loading class 0x0000000009e0dae0 done
Event: 0.730 loading class 0x00000000083fe2d0
Event: 0.730 loading class 0x00000000083fe2d0 done
Event: 0.928 Executing VM operation: ParallelGCFailedAllocation
Event: 0.937 Executing VM operation: ParallelGCFailedAllocation done


Dynamic libraries:
0x00007ff70d520000 - 0x00007ff70d553000 	D:\Java\jdk1.7.0_45\bin\java.exe
0x00007ff93d0c0000 - 0x00007ff93d282000 	C:\WINDOWS\SYSTEM32\ntdll.dll
0x00007ff93ab00000 - 0x00007ff93abad000 	C:\WINDOWS\system32\KERNEL32.DLL
0x00007ff93a500000 - 0x00007ff93a6dd000 	C:\WINDOWS\system32\KERNELBASE.dll
0x00007ff93af10000 - 0x00007ff93afb6000 	C:\WINDOWS\system32\ADVAPI32.dll
0x00007ff93cdc0000 - 0x00007ff93ce5d000 	C:\WINDOWS\system32\msvcrt.dll
0x00007ff93cfb0000 - 0x00007ff93d00b000 	C:\WINDOWS\system32\sechost.dll
0x00007ff93ce80000 - 0x00007ff93cfa6000 	C:\WINDOWS\system32\RPCRT4.dll
0x00007ff93ca30000 - 0x00007ff93cb7e000 	C:\WINDOWS\system32\USER32.dll
0x00007ff93a910000 - 0x00007ff93aa96000 	C:\WINDOWS\system32\GDI32.dll
0x00007ff935970000 - 0x00007ff935be4000 	C:\WINDOWS\WinSxS\amd64_microsoft.windows.common-controls_6595b64144ccf1df_6.0.10240.16384_none_f41f7b285750ef43\COMCTL32.dll
0x00007ff93a790000 - 0x00007ff93a7c6000 	C:\WINDOWS\system32\IMM32.DLL
0x00007ff93c7f0000 - 0x00007ff93c94c000 	C:\WINDOWS\system32\MSCTF.dll
0x00000000642e0000 - 0x00000000643b2000 	D:\Java\jdk1.7.0_45\jre\bin\msvcr100.dll
0x0000000064770000 - 0x0000000064f39000 	D:\Java\jdk1.7.0_45\jre\bin\server\jvm.dll
0x00007ff93cd50000 - 0x00007ff93cd58000 	C:\WINDOWS\system32\PSAPI.DLL
0x00007ff9356f0000 - 0x00007ff9356f9000 	C:\WINDOWS\SYSTEM32\WSOCK32.dll
0x00007ff93ae40000 - 0x00007ff93aea9000 	C:\WINDOWS\system32\WS2_32.dll
0x00007ff93ae30000 - 0x00007ff93ae38000 	C:\WINDOWS\system32\NSI.dll
0x00007ff937c40000 - 0x00007ff937c63000 	C:\WINDOWS\SYSTEM32\WINMM.dll
0x00007ff937c10000 - 0x00007ff937c3c000 	C:\WINDOWS\SYSTEM32\WINMMBASE.dll
0x00007ff93a3f0000 - 0x00007ff93a434000 	C:\WINDOWS\system32\cfgmgr32.dll
0x00007ff938460000 - 0x00007ff938487000 	C:\WINDOWS\SYSTEM32\DEVOBJ.dll
0x0000000064760000 - 0x000000006476f000 	D:\Java\jdk1.7.0_45\jre\bin\verify.dll
0x0000000064730000 - 0x0000000064758000 	D:\Java\jdk1.7.0_45\jre\bin\java.dll
0x0000000064710000 - 0x0000000064725000 	D:\Java\jdk1.7.0_45\jre\bin\zip.dll
0x00000000646f0000 - 0x0000000064709000 	D:\Java\jdk1.7.0_45\jre\bin\net.dll
0x00007ff939360000 - 0x00007ff9393bd000 	C:\WINDOWS\system32\mswsock.dll
0x00000000646d0000 - 0x00000000646e1000 	D:\Java\jdk1.7.0_45\jre\bin\nio.dll

VM Arguments:
jvm_args: -Djava.awt.headless=true -Xmx1024M -Dfile.encoding=GBK -Duser.country=CN -Duser.language=zh -Duser.variant 
java_command: com.android.dx.command.Main --dex --num-threads=4 --output F:\AndroidStudioProjects\MyProject0324\app\build\intermediates\pre-dexed\debug\httpclient-cache-4.3.1_8b3727649ffc9fd51720bc0c67f0c9debd4c0550.jar F:\AndroidStudioProjects\MyProject0324\app\libs\httpclient-cache-4.3.1.jar
Launcher Type: SUN_STANDARD

Environment Variables:
JAVA_HOME=D:\Java\jdk1.7.0_45
CLASSPATH=.;.;d:\java\jdk1.7.0_45\lib\sound.jar;d:\java\jdk1.7.0_45\lib\jmf.jar;d:\java\jdk1.7.0_45\lib;
PATH=C:\Program Files (x86)\NVIDIA Corporation\PhysX\Common;D:\Java\jdk1.7.0_45\bin;C:\WINDOWS\system32;C:\WINDOWS;C:\WINDOWS\System32\Wbem;C:\WINDOWS\System32\WindowsPowerShell\v1.0\;C:\Program Files (x86)\ATI Technologies\ATI.ACE\Core-Static;D:\Java\jdk1.7.0_45\jre\bin;D:\MySQL\MySQL Server 5.0\bin;C:\Program Files (x86)\Skype\Phone\
USERNAME=gsr-pc
OS=Windows_NT
PROCESSOR_IDENTIFIER=Intel64 Family 6 Model 58 Stepping 9, GenuineIntel



---------------  S Y S T E M  ---------------

OS: Windows 8 , 64 bit Build 9200 

CPU:total 4 (2 cores per cpu, 2 threads per core) family 6 model 58 stepping 9, cmov, cx8, fxsr, mmx, sse, sse2, sse3, ssse3, sse4.1, sse4.2, popcnt, avx, aes, erms, ht, tsc, tscinvbit, tscinv

Memory: 4k page, physical 6191464k(1429512k free), swap 7882088k(4104k free)

vm_info: Java HotSpot(TM) 64-Bit Server VM (24.45-b08) for windows-amd64 JRE (1.7.0_45-b18), built on Oct  8 2013 05:47:22 by "java_re" with unknown MS VC++:1600

time: Wed Apr 06 16:30:38 2016
elapsed time: 1 seconds

