#
# There is insufficient memory for the Java Runtime Environment to continue.
# Native memory allocation (malloc) failed to allocate 335856 bytes for Chunk::new
# Possible reasons:
#   The system is out of physical RAM or swap space
#   In 32 bit mode, the process size limit was hit
# Possible solutions:
#   Reduce memory load on the system
#   Increase physical memory or swap space
#   Check if swap backing store is full
#   Use 64 bit Java on a 64 bit OS
#   Decrease Java heap size (-Xmx/-Xms)
#   Decrease number of Java threads
#   Decrease Java thread stack sizes (-Xss)
#   Set larger code cache with -XX:ReservedCodeCacheSize=
# This output file may be truncated or incomplete.
#
#  Out of Memory Error (allocation.cpp:323), pid=5804, tid=14320
#
# JRE version: Java(TM) SE Runtime Environment (7.0_45-b18) (build 1.7.0_45-b18)
# Java VM: Java HotSpot(TM) 64-Bit Server VM (24.45-b08 mixed mode windows-amd64 compressed oops)
# Failed to write core dump. Minidumps are not enabled by default on client versions of Windows
#

---------------  T H R E A D  ---------------

Current thread (0x0000000009100800):  JavaThread "C2 CompilerThread0" daemon [_thread_in_native, id=14320, stack(0x000000000a6a0000,0x000000000a7a0000)]

Stack: [0x000000000a6a0000,0x000000000a7a0000]

Current CompileTask:
C2:   1024  156             com.android.dx.ssa.SsaConverter::placePhiFunctions (394 bytes)


---------------  P R O C E S S  ---------------

Java Threads: ( => current thread )
  0x000000000ac26800 JavaThread "pool-1-thread-4" [_thread_in_Java, id=11740, stack(0x000000000b2a0000,0x000000000b3a0000)]
  0x000000000acbb000 JavaThread "pool-1-thread-3" [_thread_in_Java, id=11608, stack(0x000000000b1a0000,0x000000000b2a0000)]
  0x000000000ac25800 JavaThread "pool-1-thread-2" [_thread_blocked, id=13856, stack(0x000000000b0a0000,0x000000000b1a0000)]
  0x000000000ab71800 JavaThread "pool-2-thread-1" [_thread_blocked, id=1752, stack(0x000000000afa0000,0x000000000b0a0000)]
  0x000000000aba3800 JavaThread "pool-1-thread-1" [_thread_in_Java, id=12772, stack(0x000000000aea0000,0x000000000afa0000)]
  0x0000000009144800 JavaThread "Service Thread" daemon [_thread_blocked, id=9720, stack(0x000000000a8a0000,0x000000000a9a0000)]
  0x0000000009102800 JavaThread "C2 CompilerThread1" daemon [_thread_in_native, id=13072, stack(0x000000000a7a0000,0x000000000a8a0000)]
=>0x0000000009100800 JavaThread "C2 CompilerThread0" daemon [_thread_in_native, id=14320, stack(0x000000000a6a0000,0x000000000a7a0000)]
  0x00000000090ff800 JavaThread "Attach Listener" daemon [_thread_blocked, id=11540, stack(0x000000000a5a0000,0x000000000a6a0000)]
  0x0000000009138800 JavaThread "Signal Dispatcher" daemon [_thread_blocked, id=4528, stack(0x000000000a4a0000,0x000000000a5a0000)]
  0x00000000090e8000 JavaThread "Finalizer" daemon [_thread_blocked, id=14056, stack(0x000000000a3a0000,0x000000000a4a0000)]
  0x00000000090e1800 JavaThread "Reference Handler" daemon [_thread_blocked, id=11404, stack(0x000000000a2a0000,0x000000000a3a0000)]
  0x0000000003250800 JavaThread "main" [_thread_in_vm, id=10872, stack(0x0000000003070000,0x0000000003170000)]

Other Threads:
  0x00000000090df000 VMThread [stack: 0x000000000a1a0000,0x000000000a2a0000] [id=10192]
  0x0000000009156800 WatcherThread [stack: 0x000000000a9a0000,0x000000000aaa0000] [id=11624]

VM state:not at safepoint (normal execution)

VM Mutex/Monitor currently owned by a thread: None

Heap
 PSYoungGen      total 28672K, used 23113K [0x00000000eaa80000, 0x00000000eca00000, 0x0000000100000000)
  eden space 25088K, 92% used [0x00000000eaa80000,0x00000000ec112568,0x00000000ec300000)
  from space 3584K, 0% used [0x00000000ec680000,0x00000000ec680000,0x00000000eca00000)
  to   space 3584K, 0% used [0x00000000ec300000,0x00000000ec300000,0x00000000ec680000)
 ParOldGen       total 64512K, used 0K [0x00000000c0000000, 0x00000000c3f00000, 0x00000000eaa80000)
  object space 64512K, 0% used [0x00000000c0000000,0x00000000c0000000,0x00000000c3f00000)
 PSPermGen       total 21504K, used 5693K [0x00000000bae00000, 0x00000000bc300000, 0x00000000c0000000)
  object space 21504K, 26% used [0x00000000bae00000,0x00000000bb38f5e0,0x00000000bc300000)

Card table byte_map: [0x0000000006350000,0x0000000006580000] byte_map_base: 0x0000000005d79000

Polling page: 0x0000000002c40000

Code Cache  [0x0000000003350000, 0x00000000035c0000, 0x0000000006350000)
 total_blobs=404 nmethods=165 adapters=191 free_code_cache=48502Kb largest_free_block=49640576

Compilation events (10 events):
Event: 0.996 Thread 0x0000000009102800 nmethod 162 0x00000000033eee10 code [0x00000000033eef40, 0x00000000033eef98]
Event: 0.996 Thread 0x0000000009102800  163             com.android.dx.util.Bits::set (19 bytes)
Event: 0.996 Thread 0x0000000009102800 nmethod 163 0x00000000033f6f50 code [0x00000000033f7080, 0x00000000033f7118]
Event: 0.996 Thread 0x0000000009102800  164             com.android.dx.rop.code.RegisterSpecList::<init> (6 bytes)
Event: 0.998 Thread 0x0000000009102800 nmethod 164 0x00000000033f1d90 code [0x00000000033f1ee0, 0x00000000033f2018]
Event: 0.998 Thread 0x0000000009102800  165             com.android.dx.rop.code.BasicBlockList$RegCountVisitor::visit (52 bytes)
Event: 1.003 Thread 0x0000000009102800 nmethod 165 0x00000000033f1510 code [0x00000000033f1680, 0x00000000033f1918]
Event: 1.006 Thread 0x0000000009102800  166             com.android.dx.ssa.DeadCodeRemover::access$000 (5 bytes)
Event: 1.009 Thread 0x0000000009102800 nmethod 166 0x00000000033f0ed0 code [0x00000000033f1020, 0x00000000033f11b8]
Event: 1.010 Thread 0x0000000009102800  167             com.android.dx.ssa.SsaMethod::forEachBlockDepthFirst (194 bytes)

GC Heap History (0 events):
No events

Deoptimization events (1 events):
Event: 0.782 Thread 0x000000000ac25800 Uncommon trap: reason=null_check action=make_not_entrant pc=0x00000000033d55b8 method=com.android.dx.rop.code.LocalItem.equals(Ljava/lang/Object;)Z @ 1

Internal exceptions (10 events):
Event: 0.637 Thread 0x0000000003250800 Threw 0x00000000eb30e948 at C:\re\jdk7u45\229\hotspot\src\share\vm\prims\jvm.cpp:1244
Event: 0.660 Thread 0x0000000003250800 Threw 0x00000000eb351f68 at C:\re\jdk7u45\229\hotspot\src\share\vm\prims\jvm.cpp:1244
Event: 0.663 Thread 0x0000000003250800 Threw 0x00000000eb6cb7c0 at C:\re\jdk7u45\229\hotspot\src\share\vm\prims\jvm.cpp:1244
Event: 0.672 Thread 0x000000000acbb000 Threw 0x00000000eb698440 at C:\re\jdk7u45\229\hotspot\src\share\vm\prims\jvm.cpp:1244
Event: 0.706 Thread 0x000000000aba3800 Threw 0x00000000eb618180 at C:\re\jdk7u45\229\hotspot\src\share\vm\prims\jvm.cpp:1244
Event: 0.782 Thread 0x000000000ac25800 Implicit null exception at 0x00000000033d5259 to 0x00000000033d55a5
Event: 0.927 Thread 0x0000000003250800 Threw 0x00000000ebcdc858 at C:\re\jdk7u45\229\hotspot\src\share\vm\prims\jvm.cpp:1244
Event: 0.928 Thread 0x0000000003250800 Threw 0x00000000ebcde780 at C:\re\jdk7u45\229\hotspot\src\share\vm\prims\jvm.cpp:1244
Event: 0.929 Thread 0x0000000003250800 Threw 0x00000000ebce8450 at C:\re\jdk7u45\229\hotspot\src\share\vm\prims\jvm.cpp:1244
Event: 0.930 Thread 0x0000000003250800 Threw 0x00000000ebcea608 at C:\re\jdk7u45\229\hotspot\src\share\vm\prims\jvm.cpp:1244

Events (10 events):
Event: 0.802 loading class 0x00000000032c2a60
Event: 0.802 loading class 0x00000000032c2a60 done
Event: 0.927 loading class 0x000000000ab3f530
Event: 0.927 loading class 0x000000000ab3f530 done
Event: 0.928 loading class 0x000000000ab3eef0
Event: 0.928 loading class 0x000000000ab3eef0 done
Event: 0.929 loading class 0x000000000aafeb90
Event: 0.929 loading class 0x000000000aafeb90 done
Event: 0.929 loading class 0x000000000ad4f5f0
Event: 0.929 loading class 0x000000000ad4f5f0 done


Dynamic libraries:
0x00007ff70d520000 - 0x00007ff70d553000 	D:\Java\jdk1.7.0_45\bin\java.exe
0x00007ff93d0c0000 - 0x00007ff93d282000 	C:\WINDOWS\SYSTEM32\ntdll.dll
0x00007ff93ab00000 - 0x00007ff93abad000 	C:\WINDOWS\system32\KERNEL32.DLL
0x00007ff93a500000 - 0x00007ff93a6dd000 	C:\WINDOWS\system32\KERNELBASE.dll
0x00007ff93af10000 - 0x00007ff93afb6000 	C:\WINDOWS\system32\ADVAPI32.dll
0x00007ff93cdc0000 - 0x00007ff93ce5d000 	C:\WINDOWS\system32\msvcrt.dll
0x00007ff93cfb0000 - 0x00007ff93d00b000 	C:\WINDOWS\system32\sechost.dll
0x00007ff93ce80000 - 0x00007ff93cfa6000 	C:\WINDOWS\system32\RPCRT4.dll
0x00007ff93ca30000 - 0x00007ff93cb7e000 	C:\WINDOWS\system32\USER32.dll
0x00007ff93a910000 - 0x00007ff93aa96000 	C:\WINDOWS\system32\GDI32.dll
0x00007ff935970000 - 0x00007ff935be4000 	C:\WINDOWS\WinSxS\amd64_microsoft.windows.common-controls_6595b64144ccf1df_6.0.10240.16384_none_f41f7b285750ef43\COMCTL32.dll
0x00007ff93a790000 - 0x00007ff93a7c6000 	C:\WINDOWS\system32\IMM32.DLL
0x00007ff93c7f0000 - 0x00007ff93c94c000 	C:\WINDOWS\system32\MSCTF.dll
0x00000000642e0000 - 0x00000000643b2000 	D:\Java\jdk1.7.0_45\jre\bin\msvcr100.dll
0x0000000064770000 - 0x0000000064f39000 	D:\Java\jdk1.7.0_45\jre\bin\server\jvm.dll
0x00007ff93cd50000 - 0x00007ff93cd58000 	C:\WINDOWS\system32\PSAPI.DLL
0x00007ff9356f0000 - 0x00007ff9356f9000 	C:\WINDOWS\SYSTEM32\WSOCK32.dll
0x00007ff93ae40000 - 0x00007ff93aea9000 	C:\WINDOWS\system32\WS2_32.dll
0x00007ff93ae30000 - 0x00007ff93ae38000 	C:\WINDOWS\system32\NSI.dll
0x00007ff937c40000 - 0x00007ff937c63000 	C:\WINDOWS\SYSTEM32\WINMM.dll
0x00007ff937c10000 - 0x00007ff937c3c000 	C:\WINDOWS\SYSTEM32\WINMMBASE.dll
0x00007ff93a3f0000 - 0x00007ff93a434000 	C:\WINDOWS\system32\cfgmgr32.dll
0x00007ff938460000 - 0x00007ff938487000 	C:\WINDOWS\SYSTEM32\DEVOBJ.dll
0x0000000064760000 - 0x000000006476f000 	D:\Java\jdk1.7.0_45\jre\bin\verify.dll
0x0000000064730000 - 0x0000000064758000 	D:\Java\jdk1.7.0_45\jre\bin\java.dll
0x0000000064710000 - 0x0000000064725000 	D:\Java\jdk1.7.0_45\jre\bin\zip.dll
0x00000000646f0000 - 0x0000000064709000 	D:\Java\jdk1.7.0_45\jre\bin\net.dll
0x00007ff939360000 - 0x00007ff9393bd000 	C:\WINDOWS\system32\mswsock.dll
0x00000000646d0000 - 0x00000000646e1000 	D:\Java\jdk1.7.0_45\jre\bin\nio.dll

VM Arguments:
jvm_args: -Djava.awt.headless=true -Xmx1024M -Dfile.encoding=GBK -Duser.country=CN -Duser.language=zh -Duser.variant 
java_command: com.android.dx.command.Main --dex --num-threads=4 --output F:\AndroidStudioProjects\MyProject0324\app\build\intermediates\pre-dexed\debug\gson-2.1_0dce35f6e00f51881936491ca8a33e64c42688e0.jar F:\AndroidStudioProjects\MyProject0324\app\libs\gson-2.1.jar
Launcher Type: SUN_STANDARD

Environment Variables:
JAVA_HOME=D:\Java\jdk1.7.0_45
CLASSPATH=.;.;d:\java\jdk1.7.0_45\lib\sound.jar;d:\java\jdk1.7.0_45\lib\jmf.jar;d:\java\jdk1.7.0_45\lib;
PATH=C:\Program Files (x86)\NVIDIA Corporation\PhysX\Common;D:\Java\jdk1.7.0_45\bin;C:\WINDOWS\system32;C:\WINDOWS;C:\WINDOWS\System32\Wbem;C:\WINDOWS\System32\WindowsPowerShell\v1.0\;C:\Program Files (x86)\ATI Technologies\ATI.ACE\Core-Static;D:\Java\jdk1.7.0_45\jre\bin;D:\MySQL\MySQL Server 5.0\bin;C:\Program Files (x86)\Skype\Phone\
USERNAME=gsr-pc
OS=Windows_NT
PROCESSOR_IDENTIFIER=Intel64 Family 6 Model 58 Stepping 9, GenuineIntel



---------------  S Y S T E M  ---------------

OS: Windows 8 , 64 bit Build 9200 

CPU:total 4 (2 cores per cpu, 2 threads per core) family 6 model 58 stepping 9, cmov, cx8, fxsr, mmx, sse, sse2, sse3, ssse3, sse4.1, sse4.2, popcnt, avx, aes, erms, ht, tsc, tscinvbit, tscinv

Memory: 4k page, physical 6191464k(1436024k free), swap 7882088k(5212k free)

vm_info: Java HotSpot(TM) 64-Bit Server VM (24.45-b08) for windows-amd64 JRE (1.7.0_45-b18), built on Oct  8 2013 05:47:22 by "java_re" with unknown MS VC++:1600

time: Wed Apr 06 16:30:37 2016
elapsed time: 1 seconds

